<?xml version="1.0" encoding="UTF-8"?>
<testsuite xmlns:xsi="http://www.w3.org/2001/XMLSchema-instance" xsi:noNamespaceSchemaLocation="https://maven.apache.org/surefire/maven-surefire-plugin/xsd/surefire-test-report-3.0.xsd" version="3.0" name="com.caiwen.JwtTest" time="0.241" tests="2" errors="1" skipped="0" failures="0">
  <properties>
[...]
</properties>
  <testcase name="testGen" classname="com.caiwen.JwtTest" time="0.184">
    <system-out><![CDATA[eyJhbGciOiJIUzI1NiIsInR5cCI6IkpXVCJ9.eyJ1c2VyIjp7ImlkIjoxLCJ1c2VybmFtZSI6InpoYW5nc2FuIn0sImV4cCI6MTcyMDA5MzYxNH0.bw6HS-AREk46k1ha2DreVkEXye1_UhDQcZ_-NAYjFBQ
]]></system-out>
  </testcase>
  <testcase name="testParse" classname="com.caiwen.JwtTest" time="0.038">
    <error message="The Token has expired on 2024-06-30T06:25:42Z." type="com.auth0.jwt.exceptions.TokenExpiredException"><![CDATA[com.auth0.jwt.exceptions.TokenExpiredException: The Token has expired on 2024-06-30T06:25:42Z.
	at com.auth0.jwt.JWTVerifier$BaseVerification.assertValidInstantClaim(JWTVerifier.java:346)
	at com.auth0.jwt.JWTVerifier$BaseVerification.lambda$addMandatoryClaimChecks$17(JWTVerifier.java:308)
	at com.auth0.jwt.JWTVerifier$BaseVerification$1.verify(JWTVerifier.java:405)
	at com.auth0.jwt.JWTVerifier.verifyClaims(JWTVerifier.java:482)
	at com.auth0.jwt.JWTVerifier.verify(JWTVerifier.java:464)
	at com.auth0.jwt.JWTVerifier.verify(JWTVerifier.java:445)
	at com.caiwen.JwtTest.testParse(JwtTest.java:36)
	at java.base/java.lang.reflect.Method.invoke(Method.java:568)
	at java.base/java.util.ArrayList.forEach(ArrayList.java:1511)
	at java.base/java.util.ArrayList.forEach(ArrayList.java:1511)
]]></error>
  </testcase>
</testsuite>